<?xml version="1.0" encoding="UTF-8"?>
<!-- Generated by org.testng.reporters.JUnitReportReporter -->
<testsuite hostname="DESKTOP-TD77G35" failures="0" tests="1" name="Com.ANZ.TESTpackage.TC02_VerifyStartOverButtonClearTheForm" time="31.244" errors="0" timestamp="2023-03-02T01:20:19 IST" skipped="0">
  <testcase classname="Com.ANZ.TESTpackage.TC02_VerifyStartOverButtonClearTheForm" name="VerifyStartOverButtonClearTheForm" time="31.244"/>
  <system-out/>
</testsuite> <!-- Com.ANZ.TESTpackage.TC02_VerifyStartOverButtonClearTheForm -->
